# JRE version: OpenJDK Runtime Environment (11.0.11+9) (build 11.0.11+9-b60-7590822)
# Java VM: OpenJDK 64-Bit Server VM (11.0.11+9-b60-7590822, mixed mode, tiered, compressed oops, g1 gc, windows-amd64)
Heap:
 garbage-first heap   total 126976K, used 63589K [0x0000000080000000, 0x0000000100000000)
  region size 1024K, 31 young (31744K), 6 survivors (6144K)
 Metaspace       used 41754K, capacity 42872K, committed 43036K, reserved 1087488K
  class space    used 5344K, capacity 5731K, committed 5760K, reserved 1048576K
GC Heap History (14 events):
Event: 1.070 GC heap before
{Heap before GC invocations=0 (full 0):
 garbage-first heap   total 126976K, used 29696K [0x0000000080000000, 0x0000000100000000)
  region size 1024K, 24 young (24576K), 0 survivors (0K)
 Metaspace       used 10249K, capacity 10429K, committed 10624K, reserved 1058816K
  class space    used 1070K, capacity 1140K, committed 1152K, reserved 1048576K
}
Event: 1.076 GC heap after
{Heap after GC invocations=1 (full 0):
 garbage-first heap   total 126976K, used 9710K [0x0000000080000000, 0x0000000100000000)
  region size 1024K, 3 young (3072K), 3 survivors (3072K)
 Metaspace       used 10249K, capacity 10429K, committed 10624K, reserved 1058816K
  class space    used 1070K, capacity 1140K, committed 1152K, reserved 1048576K
}
Event: 3.535 GC heap before
{Heap before GC invocations=1 (full 0):
 garbage-first heap   total 126976K, used 82414K [0x0000000080000000, 0x0000000100000000)
  region size 1024K, 74 young (75776K), 3 survivors (3072K)
 Metaspace       used 17783K, capacity 18173K, committed 18432K, reserved 1064960K
  class space    used 2082K, capacity 2204K, committed 2304K, reserved 1048576K
}
Event: 3.541 GC heap after
{Heap after GC invocations=2 (full 0):
 garbage-first heap   total 126976K, used 15608K [0x0000000080000000, 0x0000000100000000)
  region size 1024K, 9 young (9216K), 9 survivors (9216K)
 Metaspace       used 17783K, capacity 18173K, committed 18432K, reserved 1064960K
  class space    used 2082K, capacity 2204K, committed 2304K, reserved 1048576K
}
Event: 4.003 GC heap before
{Heap before GC invocations=2 (full 0):
 garbage-first heap   total 126976K, used 42232K [0x0000000080000000, 0x0000000100000000)
  region size 1024K, 36 young (36864K), 9 survivors (9216K)
 Metaspace       used 20740K, capacity 21186K, committed 21296K, reserved 1069056K
  class space    used 2534K, capacity 2676K, committed 2688K, reserved 1048576K
}
Event: 4.020 GC heap after
{Heap after GC invocations=3 (full 0):
 garbage-first heap   total 126976K, used 16967K [0x0000000080000000, 0x0000000100000000)
  region size 1024K, 2 young (2048K), 2 survivors (2048K)
 Metaspace       used 20740K, capacity 21186K, committed 21296K, reserved 1069056K
  class space    used 2534K, capacity 2676K, committed 2688K, reserved 1048576K
}
Event: 6.736 GC heap before
{Heap before GC invocations=4 (full 0):
 garbage-first heap   total 126976K, used 69191K [0x0000000080000000, 0x0000000100000000)
  region size 1024K, 53 young (54272K), 2 survivors (2048K)
 Metaspace       used 26182K, capacity 26797K, committed 27008K, reserved 1073152K
  class space    used 3413K, capacity 3638K, committed 3712K, reserved 1048576K
}
Event: 6.739 GC heap after
{Heap after GC invocations=5 (full 0):
 garbage-first heap   total 126976K, used 18815K [0x0000000080000000, 0x0000000100000000)
  region size 1024K, 3 young (3072K), 3 survivors (3072K)
 Metaspace       used 26182K, capacity 26797K, committed 27008K, reserved 1073152K
  class space    used 3413K, capacity 3638K, committed 3712K, reserved 1048576K
}
Event: 8.403 GC heap before
{Heap before GC invocations=5 (full 0):
 garbage-first heap   total 126976K, used 86399K [0x0000000080000000, 0x0000000100000000)
  region size 1024K, 61 young (62464K), 3 survivors (3072K)
 Metaspace       used 31599K, capacity 32541K, committed 32768K, reserved 1077248K
  class space    used 4258K, capacity 4572K, committed 4608K, reserved 1048576K
}
Event: 8.406 GC heap after
{Heap after GC invocations=6 (full 0):
 garbage-first heap   total 126976K, used 33211K [0x0000000080000000, 0x0000000100000000)
  region size 1024K, 8 young (8192K), 8 survivors (8192K)
 Metaspace       used 31599K, capacity 32541K, committed 32768K, reserved 1077248K
  class space    used 4258K, capacity 4572K, committed 4608K, reserved 1048576K
}
Event: 8.611 GC heap before
{Heap before GC invocations=6 (full 0):
 garbage-first heap   total 126976K, used 45499K [0x0000000080000000, 0x0000000100000000)
  region size 1024K, 21 young (21504K), 8 survivors (8192K)
 Metaspace       used 34907K, capacity 35880K, committed 35968K, reserved 1081344K
  class space    used 4552K, capacity 4918K, committed 4992K, reserved 1048576K
}
Event: 8.618 GC heap after
{Heap after GC invocations=7 (full 0):
 garbage-first heap   total 126976K, used 35466K [0x0000000080000000, 0x0000000100000000)
  region size 1024K, 3 young (3072K), 3 survivors (3072K)
 Metaspace       used 34907K, capacity 35880K, committed 35968K, reserved 1081344K
  class space    used 4552K, capacity 4918K, committed 4992K, reserved 1048576K
}
Event: 8.890 GC heap before
{Heap before GC invocations=8 (full 0):
 garbage-first heap   total 126976K, used 77450K [0x0000000080000000, 0x0000000100000000)
  region size 1024K, 42 young (43008K), 3 survivors (3072K)
 Metaspace       used 39608K, capacity 40673K, committed 40988K, reserved 1085440K
  class space    used 5028K, capacity 5425K, committed 5504K, reserved 1048576K
}
Event: 8.895 GC heap after
{Heap after GC invocations=9 (full 0):
 garbage-first heap   total 126976K, used 39013K [0x0000000080000000, 0x0000000100000000)
  region size 1024K, 6 young (6144K), 6 survivors (6144K)
 Metaspace       used 39608K, capacity 40673K, committed 40988K, reserved 1085440K
  class space    used 5028K, capacity 5425K, committed 5504K, reserved 1048576K
}

